Arguments: 
  /usr/local/Cellar/node/13.8.0/bin/node /Users/fraser/.yarn/bin/yarn.js test

PATH: 
  /Users/fraser/Tools/gcloud/google-cloud-sdk/bin:/Users/fraser/Code/go/bin:/Users/fraser/Phones/platform-tools:/Users/fraser/.cargo/bin:/Users/fraser/.yarn/bin:/usr/local/bin:/usr/bin:/bin:/usr/sbin:/sbin:/Users/fraser/Code/go/bin:/Users/fraser/Phones/platform-tools:/Users/fraser/.cargo/bin:/Users/fraser/.vscode-server/bin/2aae1f26c72891c399f860409176fe435a154b13/bin

Yarn version: 
  1.22.4

Node version: 
  13.8.0

Platform: 
  darwin x64

Trace: 
  SyntaxError: /Users/fraser/Code/svelte-router-simple/package.json: Unexpected token / in JSON at position 156
      at JSON.parse (<anonymous>)
      at /Users/fraser/.yarn/lib/cli.js:1625:59
      at Generator.next (<anonymous>)
      at step (/Users/fraser/.yarn/lib/cli.js:310:30)
      at /Users/fraser/.yarn/lib/cli.js:321:13

npm manifest: 
  {
    "name": "svelte-router-simple",
    "version": "0.0.0",
    "license": "ISC",
    "scripts": {
      "test": "node src/test.js"
    },
    "main": "src/test.js",
    // "module": "src/index.js",
    "dependencies": {
      "node-log-simple": "^1.0.1",
      "svelte": "^3.21.0"
    }
  }

yarn manifest: 
  No manifest

Lockfile: 
  # THIS IS AN AUTOGENERATED FILE. DO NOT EDIT THIS FILE DIRECTLY.
  # yarn lockfile v1
  
  
  node-log-simple@^1.0.1:
    version "1.0.1"
    resolved "https://registry.yarnpkg.com/node-log-simple/-/node-log-simple-1.0.1.tgz#f113ef4e214a0d95b681089b7a7da9c28d421903"
    integrity sha512-4qXSa5+wS0Bxf+sQNfRmeoCxbYCpXIKb3Mtl/v6Q7NY5B1AiUPvExTpUGhkzWINta3eyIx/5ngtXfLecIPoniQ==
  
  svelte@^3.21.0:
    version "3.21.0"
    resolved "https://registry.yarnpkg.com/svelte/-/svelte-3.21.0.tgz#e326591cb92267e90b4fb5b961d80d9763792551"
    integrity sha512-smh3LZKPCGJ+UXa0iZvUmuDctPYCwPY1opmClTWTm+l6e4y9FHLoCZMiue8YIeyc9JvlGT/EK0xry0diXjFDZQ==
